2020-07-26 11:22:07,247 - root - INFO - ** Kedro project houseprice
2020-07-26 11:22:07,274 - kedro.versioning.journal - WARNING - Unable to git describe C:\Users\toroi\Documents\program\MyMLOps\houseprice
2020-07-26 11:22:07,420 - kedro.io.data_catalog - INFO - Loading data from `example_iris_data` (CSVDataSet)...
2020-07-26 11:22:07,431 - kedro.io.data_catalog - INFO - Loading data from `params:example_test_data_ratio` (MemoryDataSet)...
2020-07-26 11:22:07,432 - kedro.pipeline.node - INFO - Running node: split_data([example_iris_data,params:example_test_data_ratio]) -> [example_test_x,example_test_y,example_train_x,example_train_y]
2020-07-26 11:22:07,443 - kedro.io.data_catalog - INFO - Saving data to `example_train_x` (MemoryDataSet)...
2020-07-26 11:22:07,449 - kedro.io.data_catalog - INFO - Saving data to `example_train_y` (MemoryDataSet)...
2020-07-26 11:22:07,449 - kedro.io.data_catalog - INFO - Saving data to `example_test_x` (MemoryDataSet)...
2020-07-26 11:22:07,450 - kedro.io.data_catalog - INFO - Saving data to `example_test_y` (MemoryDataSet)...
2020-07-26 11:22:07,451 - kedro.runner.sequential_runner - INFO - Completed 1 out of 4 tasks
2020-07-26 11:22:07,451 - kedro.io.data_catalog - INFO - Loading data from `example_train_x` (MemoryDataSet)...
2020-07-26 11:22:07,452 - kedro.io.data_catalog - INFO - Loading data from `example_train_y` (MemoryDataSet)...
2020-07-26 11:22:07,452 - kedro.io.data_catalog - INFO - Loading data from `parameters` (MemoryDataSet)...
2020-07-26 11:22:07,453 - kedro.pipeline.node - INFO - Running node: train_model([example_train_x,example_train_y,parameters]) -> [example_model]
2020-07-26 11:22:07,713 - kedro.io.data_catalog - INFO - Saving data to `example_model` (MemoryDataSet)...
2020-07-26 11:22:07,714 - kedro.runner.sequential_runner - INFO - Completed 2 out of 4 tasks
2020-07-26 11:22:07,715 - kedro.io.data_catalog - INFO - Loading data from `example_model` (MemoryDataSet)...
2020-07-26 11:22:07,715 - kedro.io.data_catalog - INFO - Loading data from `example_test_x` (MemoryDataSet)...
2020-07-26 11:22:07,716 - kedro.pipeline.node - INFO - Running node: predict([example_model,example_test_x]) -> [example_predictions]
2020-07-26 11:22:07,718 - kedro.io.data_catalog - INFO - Saving data to `example_predictions` (MemoryDataSet)...
2020-07-26 11:22:07,719 - kedro.runner.sequential_runner - INFO - Completed 3 out of 4 tasks
2020-07-26 11:22:07,719 - kedro.io.data_catalog - INFO - Loading data from `example_predictions` (MemoryDataSet)...
2020-07-26 11:22:07,720 - kedro.io.data_catalog - INFO - Loading data from `example_test_y` (MemoryDataSet)...
2020-07-26 11:22:07,720 - kedro.pipeline.node - INFO - Running node: report_accuracy([example_predictions,example_test_y]) -> None
2020-07-26 11:22:07,721 - houseprice.pipelines.data_science.nodes - INFO - Model accuracy on test set: 83.33%
2020-07-26 11:22:07,722 - kedro.runner.sequential_runner - INFO - Completed 4 out of 4 tasks
2020-07-26 11:22:07,723 - kedro.runner.sequential_runner - INFO - Pipeline execution completed successfully.
2020-07-26 11:22:17,698 - root - INFO - ** Kedro project houseprice
2020-07-26 11:22:17,725 - kedro.versioning.journal - WARNING - Unable to git describe C:\Users\toroi\Documents\program\MyMLOps\houseprice
2020-07-26 11:22:17,811 - kedro.io.data_catalog - INFO - Loading data from `example_iris_data` (CSVDataSet)...
2020-07-26 11:22:17,814 - kedro.io.data_catalog - INFO - Loading data from `params:example_test_data_ratio` (MemoryDataSet)...
2020-07-26 11:22:17,814 - kedro.pipeline.node - INFO - Running node: split_data([example_iris_data,params:example_test_data_ratio]) -> [example_test_x,example_test_y,example_train_x,example_train_y]
2020-07-26 11:22:17,820 - kedro.io.data_catalog - INFO - Saving data to `example_train_x` (MemoryDataSet)...
2020-07-26 11:22:17,821 - kedro.io.data_catalog - INFO - Saving data to `example_train_y` (MemoryDataSet)...
2020-07-26 11:22:17,821 - kedro.io.data_catalog - INFO - Saving data to `example_test_x` (MemoryDataSet)...
2020-07-26 11:22:17,822 - kedro.io.data_catalog - INFO - Saving data to `example_test_y` (MemoryDataSet)...
2020-07-26 11:22:17,823 - kedro.runner.sequential_runner - INFO - Completed 1 out of 4 tasks
2020-07-26 11:22:17,823 - kedro.io.data_catalog - INFO - Loading data from `example_train_x` (MemoryDataSet)...
2020-07-26 11:22:17,823 - kedro.io.data_catalog - INFO - Loading data from `example_train_y` (MemoryDataSet)...
2020-07-26 11:22:17,824 - kedro.io.data_catalog - INFO - Loading data from `parameters` (MemoryDataSet)...
2020-07-26 11:22:17,824 - kedro.pipeline.node - INFO - Running node: train_model([example_train_x,example_train_y,parameters]) -> [example_model]
2020-07-26 11:22:18,088 - kedro.io.data_catalog - INFO - Saving data to `example_model` (MemoryDataSet)...
2020-07-26 11:22:18,090 - kedro.runner.sequential_runner - INFO - Completed 2 out of 4 tasks
2020-07-26 11:22:18,090 - kedro.io.data_catalog - INFO - Loading data from `example_model` (MemoryDataSet)...
2020-07-26 11:22:18,091 - kedro.io.data_catalog - INFO - Loading data from `example_test_x` (MemoryDataSet)...
2020-07-26 11:22:18,091 - kedro.pipeline.node - INFO - Running node: predict([example_model,example_test_x]) -> [example_predictions]
2020-07-26 11:22:18,098 - kedro.io.data_catalog - INFO - Saving data to `example_predictions` (MemoryDataSet)...
2020-07-26 11:22:18,099 - kedro.runner.sequential_runner - INFO - Completed 3 out of 4 tasks
2020-07-26 11:22:18,100 - kedro.io.data_catalog - INFO - Loading data from `example_predictions` (MemoryDataSet)...
2020-07-26 11:22:18,100 - kedro.io.data_catalog - INFO - Loading data from `example_test_y` (MemoryDataSet)...
2020-07-26 11:22:18,100 - kedro.pipeline.node - INFO - Running node: report_accuracy([example_predictions,example_test_y]) -> None
2020-07-26 11:22:18,101 - houseprice.pipelines.data_science.nodes - INFO - Model accuracy on test set: 93.33%
2020-07-26 11:22:18,102 - kedro.runner.sequential_runner - INFO - Completed 4 out of 4 tasks
2020-07-26 11:22:18,102 - kedro.runner.sequential_runner - INFO - Pipeline execution completed successfully.
2020-07-26 18:25:24,580 - root - INFO - ** Kedro project houseprice
2020-07-26 18:25:24,607 - kedro.versioning.journal - WARNING - Unable to git describe C:\Users\toroi\Documents\program\MyMLOps\houseprice
2020-07-26 18:29:01,566 - root - INFO - ** Kedro project houseprice
2020-07-26 18:29:01,592 - kedro.versioning.journal - WARNING - Unable to git describe C:\Users\toroi\Documents\program\MyMLOps\houseprice
2020-07-26 18:31:07,803 - root - INFO - ** Kedro project houseprice
2020-07-26 18:31:07,830 - kedro.versioning.journal - WARNING - Unable to git describe C:\Users\toroi\Documents\program\MyMLOps\houseprice
2020-07-26 18:36:12,691 - root - INFO - ** Kedro project houseprice
2020-07-26 18:36:12,726 - kedro.versioning.journal - WARNING - Unable to git describe C:\Users\toroi\Documents\program\MyMLOps\houseprice
2020-07-26 18:36:52,230 - root - INFO - ** Kedro project HousePrice
2020-07-26 18:36:52,231 - root - INFO - Defined global variable `context` and `catalog`
2020-07-26 18:39:13,525 - root - INFO - ** Kedro project houseprice
2020-07-26 18:40:20,945 - root - INFO - ** Kedro project houseprice
2020-07-26 18:40:35,373 - root - INFO - ** Kedro project houseprice
2020-07-26 18:40:35,408 - kedro.versioning.journal - WARNING - Unable to git describe C:\Users\toroi\Documents\program\MyMLOps\houseprice
2020-07-26 18:42:10,434 - root - INFO - ** Kedro project houseprice
2020-07-26 18:42:10,464 - kedro.versioning.journal - WARNING - Unable to git describe C:\Users\toroi\Documents\program\MyMLOps\houseprice
2020-07-26 18:43:33,305 - root - INFO - ** Kedro project houseprice
2020-07-26 18:43:33,333 - kedro.versioning.journal - WARNING - Unable to git describe C:\Users\toroi\Documents\program\MyMLOps\houseprice
2020-07-26 21:11:10,697 - root - INFO - ** Kedro project houseprice
2020-07-26 21:11:10,725 - kedro.versioning.journal - WARNING - Unable to git describe C:\Users\toroi\Documents\program\MyMLOps\houseprice
2020-07-26 21:15:00,111 - werkzeug - INFO -  * Running on http://0.0.0.0:4141/ (Press CTRL+C to quit)
2020-07-26 21:15:24,018 - werkzeug - INFO -  * Running on http://0.0.0.0:4141/ (Press CTRL+C to quit)
2020-07-26 21:15:33,581 - werkzeug - INFO -  * Running on http://127.0.0.1:4141/ (Press CTRL+C to quit)
2020-07-26 21:15:33,633 - werkzeug - INFO - 127.0.0.1 - - [26/Jul/2020 21:15:33] "[37mGET / HTTP/1.1[0m" 200 -
2020-07-26 21:15:33,657 - werkzeug - INFO - 127.0.0.1 - - [26/Jul/2020 21:15:33] "[37mGET /static/css/2.fcf86715.chunk.css HTTP/1.1[0m" 200 -
2020-07-26 21:15:33,658 - werkzeug - INFO - 127.0.0.1 - - [26/Jul/2020 21:15:33] "[37mGET /static/css/main.9d0ba680.chunk.css HTTP/1.1[0m" 200 -
2020-07-26 21:15:33,690 - werkzeug - INFO - 127.0.0.1 - - [26/Jul/2020 21:15:33] "[37mGET /static/js/main.83ed6429.chunk.js HTTP/1.1[0m" 200 -
2020-07-26 21:15:33,812 - werkzeug - INFO - 127.0.0.1 - - [26/Jul/2020 21:15:33] "[37mGET /static/js/2.2932cbd5.chunk.js HTTP/1.1[0m" 200 -
2020-07-26 21:15:33,912 - werkzeug - INFO - 127.0.0.1 - - [26/Jul/2020 21:15:33] "[37mGET /api/nodes.json HTTP/1.1[0m" 200 -
2020-07-26 21:15:33,972 - werkzeug - INFO - 127.0.0.1 - - [26/Jul/2020 21:15:33] "[37mGET /static/media/brodyquest.6259cc84.mp3 HTTP/1.1[0m" 206 -
2020-07-26 21:15:34,371 - werkzeug - INFO - 127.0.0.1 - - [26/Jul/2020 21:15:34] "[37mGET /manifest.json HTTP/1.1[0m" 200 -
2020-07-26 21:15:34,378 - werkzeug - INFO - 127.0.0.1 - - [26/Jul/2020 21:15:34] "[37mGET /favicon.ico HTTP/1.1[0m" 200 -
2020-07-26 21:16:44,439 - root - INFO - ** Kedro project houseprice
2020-07-26 21:16:44,467 - kedro.versioning.journal - WARNING - Unable to git describe C:\Users\toroi\Documents\program\MyMLOps\houseprice
2020-07-26 21:16:52,378 - root - INFO - ** Kedro project houseprice
2020-07-26 21:16:52,404 - kedro.versioning.journal - WARNING - Unable to git describe C:\Users\toroi\Documents\program\MyMLOps\houseprice
2020-07-26 21:16:52,433 - kedro.io.data_catalog - INFO - Loading data from `house_price_training` (CSVDataSet)...
2020-07-26 21:16:52,458 - kedro.io.data_catalog - INFO - Loading data from `house_price_test` (CSVDataSet)...
2020-07-26 21:16:52,481 - kedro.pipeline.node - INFO - Running node: load_Data: load_data([house_price_test,house_price_training]) -> [house_price_test_x,house_price_train_x,house_price_train_y]
2020-07-26 21:16:52,482 - kedro.pipeline.node - ERROR - Node `load_Data: load_data([house_price_test,house_price_training]) -> [house_price_test_x,house_price_train_x,house_price_train_y]` failed with error: 
name 'trainig_data' is not defined
2020-07-26 21:16:52,483 - kedro.runner.sequential_runner - WARNING - There are 3 nodes that have not run.
You can resume the pipeline run by adding the following argument to your previous command:

2020-07-26 21:17:01,353 - werkzeug - INFO -  * Running on http://127.0.0.1:4141/ (Press CTRL+C to quit)
2020-07-26 21:17:01,403 - werkzeug - INFO - 127.0.0.1 - - [26/Jul/2020 21:17:01] "[36mGET / HTTP/1.1[0m" 304 -
2020-07-26 21:17:01,588 - werkzeug - INFO - 127.0.0.1 - - [26/Jul/2020 21:17:01] "[37mGET /api/nodes.json HTTP/1.1[0m" 200 -
2020-07-26 21:17:01,603 - werkzeug - INFO - 127.0.0.1 - - [26/Jul/2020 21:17:01] "[37mGET /static/media/brodyquest.6259cc84.mp3 HTTP/1.1[0m" 206 -
2020-07-26 21:17:02,035 - werkzeug - INFO - 127.0.0.1 - - [26/Jul/2020 21:17:02] "[36mGET /manifest.json HTTP/1.1[0m" 304 -
2020-07-26 21:17:42,301 - root - INFO - ** Kedro project houseprice
2020-07-26 21:17:42,326 - kedro.versioning.journal - WARNING - Unable to git describe C:\Users\toroi\Documents\program\MyMLOps\houseprice
2020-07-26 21:17:42,354 - kedro.io.data_catalog - INFO - Loading data from `house_price_training` (CSVDataSet)...
2020-07-26 21:17:42,371 - kedro.io.data_catalog - INFO - Loading data from `house_price_test` (CSVDataSet)...
2020-07-26 21:17:42,389 - kedro.pipeline.node - INFO - Running node: load_Data: load_data([house_price_test,house_price_training]) -> [house_price_test_x,house_price_train_x,house_price_train_y]
2020-07-26 21:17:42,400 - kedro.io.data_catalog - INFO - Saving data to `house_price_train_x` (MemoryDataSet)...
2020-07-26 21:17:42,405 - kedro.io.data_catalog - INFO - Saving data to `house_price_train_y` (MemoryDataSet)...
2020-07-26 21:17:42,405 - kedro.io.data_catalog - INFO - Saving data to `house_price_test_x` (MemoryDataSet)...
2020-07-26 21:17:42,407 - kedro.runner.sequential_runner - INFO - Completed 1 out of 3 tasks
2020-07-26 21:17:42,408 - kedro.io.data_catalog - INFO - Loading data from `house_price_train_x` (MemoryDataSet)...
2020-07-26 21:17:42,409 - kedro.io.data_catalog - INFO - Loading data from `house_price_train_y` (MemoryDataSet)...
2020-07-26 21:17:42,409 - kedro.io.data_catalog - INFO - Loading data from `parameters` (MemoryDataSet)...
2020-07-26 21:17:42,410 - kedro.pipeline.node - INFO - Running node: training([house_price_train_x,house_price_train_y,parameters]) -> [best_model]
2020-07-26 21:17:42,410 - kedro.pipeline.node - ERROR - Node `training([house_price_train_x,house_price_train_y,parameters]) -> [best_model]` failed with error: 
name 'parametes' is not defined
2020-07-26 21:17:42,413 - kedro.runner.sequential_runner - WARNING - There are 2 nodes that have not run.
You can resume the pipeline run by adding the following argument to your previous command:
  --from-nodes "training([house_price_train_x,house_price_train_y,parameters]) -> [best_model],predict_lightgbm_model([best_model,house_price_test_x]) -> [lightgbm_predictions]"
2020-07-26 21:17:54,228 - werkzeug - INFO -  * Running on http://127.0.0.1:4141/ (Press CTRL+C to quit)
2020-07-26 21:17:54,278 - werkzeug - INFO - 127.0.0.1 - - [26/Jul/2020 21:17:54] "[36mGET / HTTP/1.1[0m" 304 -
2020-07-26 21:17:54,451 - werkzeug - INFO - 127.0.0.1 - - [26/Jul/2020 21:17:54] "[37mGET /api/nodes.json HTTP/1.1[0m" 200 -
2020-07-26 21:17:54,570 - werkzeug - INFO - 127.0.0.1 - - [26/Jul/2020 21:17:54] "[37mGET /static/media/brodyquest.6259cc84.mp3 HTTP/1.1[0m" 206 -
2020-07-26 21:17:54,964 - werkzeug - INFO - 127.0.0.1 - - [26/Jul/2020 21:17:54] "[36mGET /manifest.json HTTP/1.1[0m" 304 -
2020-07-26 21:18:06,227 - root - INFO - ** Kedro project houseprice
2020-07-26 21:18:06,255 - kedro.versioning.journal - WARNING - Unable to git describe C:\Users\toroi\Documents\program\MyMLOps\houseprice
2020-07-26 21:18:06,281 - kedro.io.data_catalog - INFO - Loading data from `house_price_training` (CSVDataSet)...
2020-07-26 21:18:06,301 - kedro.io.data_catalog - INFO - Loading data from `house_price_test` (CSVDataSet)...
2020-07-26 21:18:06,317 - kedro.pipeline.node - INFO - Running node: load_Data: load_data([house_price_test,house_price_training]) -> [house_price_test_x,house_price_train_x,house_price_train_y]
2020-07-26 21:18:06,322 - kedro.io.data_catalog - INFO - Saving data to `house_price_train_x` (MemoryDataSet)...
2020-07-26 21:18:06,323 - kedro.io.data_catalog - INFO - Saving data to `house_price_train_y` (MemoryDataSet)...
2020-07-26 21:18:06,323 - kedro.io.data_catalog - INFO - Saving data to `house_price_test_x` (MemoryDataSet)...
2020-07-26 21:18:06,325 - kedro.runner.sequential_runner - INFO - Completed 1 out of 3 tasks
2020-07-26 21:18:06,325 - kedro.io.data_catalog - INFO - Loading data from `house_price_train_x` (MemoryDataSet)...
2020-07-26 21:18:06,326 - kedro.io.data_catalog - INFO - Loading data from `house_price_train_y` (MemoryDataSet)...
2020-07-26 21:18:06,327 - kedro.io.data_catalog - INFO - Loading data from `parameters` (MemoryDataSet)...
2020-07-26 21:18:06,327 - kedro.pipeline.node - INFO - Running node: training([house_price_train_x,house_price_train_y,parameters]) -> [best_model]
2020-07-26 21:18:06,363 - kedro.pipeline.node - ERROR - Node `training([house_price_train_x,house_price_train_y,parameters]) -> [best_model]` failed with error: 
optimize() got an unexpected keyword argument 'n_trails'
2020-07-26 21:18:06,367 - kedro.runner.sequential_runner - WARNING - There are 2 nodes that have not run.
You can resume the pipeline run by adding the following argument to your previous command:
  --from-nodes "training([house_price_train_x,house_price_train_y,parameters]) -> [best_model],predict_lightgbm_model([best_model,house_price_test_x]) -> [lightgbm_predictions]"
2020-07-26 21:18:18,930 - root - INFO - ** Kedro project houseprice
2020-07-26 21:18:18,957 - kedro.versioning.journal - WARNING - Unable to git describe C:\Users\toroi\Documents\program\MyMLOps\houseprice
2020-07-26 21:18:18,983 - kedro.io.data_catalog - INFO - Loading data from `house_price_training` (CSVDataSet)...
2020-07-26 21:18:19,005 - kedro.io.data_catalog - INFO - Loading data from `house_price_test` (CSVDataSet)...
2020-07-26 21:18:19,022 - kedro.pipeline.node - INFO - Running node: load_Data: load_data([house_price_test,house_price_training]) -> [house_price_test_x,house_price_train_x,house_price_train_y]
2020-07-26 21:18:19,025 - kedro.io.data_catalog - INFO - Saving data to `house_price_train_x` (MemoryDataSet)...
2020-07-26 21:18:19,026 - kedro.io.data_catalog - INFO - Saving data to `house_price_train_y` (MemoryDataSet)...
2020-07-26 21:18:19,027 - kedro.io.data_catalog - INFO - Saving data to `house_price_test_x` (MemoryDataSet)...
2020-07-26 21:18:19,029 - kedro.runner.sequential_runner - INFO - Completed 1 out of 3 tasks
2020-07-26 21:18:19,029 - kedro.io.data_catalog - INFO - Loading data from `house_price_train_x` (MemoryDataSet)...
2020-07-26 21:18:19,030 - kedro.io.data_catalog - INFO - Loading data from `house_price_train_y` (MemoryDataSet)...
2020-07-26 21:18:19,031 - kedro.io.data_catalog - INFO - Loading data from `parameters` (MemoryDataSet)...
2020-07-26 21:18:19,037 - kedro.pipeline.node - INFO - Running node: training([house_price_train_x,house_price_train_y,parameters]) -> [best_model]
2020-07-26 21:18:19,149 - kedro.pipeline.node - ERROR - Node `training([house_price_train_x,house_price_train_y,parameters]) -> [best_model]` failed with error: 
set_params() takes 1 positional argument but 2 were given
2020-07-26 21:18:19,153 - kedro.runner.sequential_runner - WARNING - There are 2 nodes that have not run.
You can resume the pipeline run by adding the following argument to your previous command:
  --from-nodes "training([house_price_train_x,house_price_train_y,parameters]) -> [best_model],predict_lightgbm_model([best_model,house_price_test_x]) -> [lightgbm_predictions]"
2020-07-26 21:18:59,755 - root - INFO - ** Kedro project houseprice
2020-07-26 21:18:59,778 - kedro.versioning.journal - WARNING - Unable to git describe C:\Users\toroi\Documents\program\MyMLOps\houseprice
2020-07-26 21:18:59,802 - kedro.io.data_catalog - INFO - Loading data from `house_price_training` (CSVDataSet)...
2020-07-26 21:18:59,822 - kedro.io.data_catalog - INFO - Loading data from `house_price_test` (CSVDataSet)...
2020-07-26 21:18:59,839 - kedro.pipeline.node - INFO - Running node: load_Data: load_data([house_price_test,house_price_training]) -> [house_price_test_x,house_price_train_x,house_price_train_y]
2020-07-26 21:18:59,842 - kedro.io.data_catalog - INFO - Saving data to `house_price_train_x` (MemoryDataSet)...
2020-07-26 21:18:59,843 - kedro.io.data_catalog - INFO - Saving data to `house_price_train_y` (MemoryDataSet)...
2020-07-26 21:18:59,843 - kedro.io.data_catalog - INFO - Saving data to `house_price_test_x` (MemoryDataSet)...
2020-07-26 21:18:59,845 - kedro.runner.sequential_runner - INFO - Completed 1 out of 3 tasks
2020-07-26 21:18:59,845 - kedro.io.data_catalog - INFO - Loading data from `house_price_train_x` (MemoryDataSet)...
2020-07-26 21:18:59,846 - kedro.io.data_catalog - INFO - Loading data from `house_price_train_y` (MemoryDataSet)...
2020-07-26 21:18:59,847 - kedro.io.data_catalog - INFO - Loading data from `parameters` (MemoryDataSet)...
2020-07-26 21:18:59,847 - kedro.pipeline.node - INFO - Running node: training([house_price_train_x,house_price_train_y,parameters]) -> [best_model]
2020-07-26 21:18:59,963 - kedro.pipeline.node - ERROR - Node `training([house_price_train_x,house_price_train_y,parameters]) -> [best_model]` failed with error: 
set_params() argument after ** must be a mapping, not Trial
2020-07-26 21:18:59,967 - kedro.runner.sequential_runner - WARNING - There are 2 nodes that have not run.
You can resume the pipeline run by adding the following argument to your previous command:
  --from-nodes "training([house_price_train_x,house_price_train_y,parameters]) -> [best_model],predict_lightgbm_model([best_model,house_price_test_x]) -> [lightgbm_predictions]"
2020-07-26 21:22:28,850 - root - INFO - ** Kedro project houseprice
2020-07-26 21:22:28,873 - kedro.versioning.journal - WARNING - Unable to git describe C:\Users\toroi\Documents\program\MyMLOps\houseprice
2020-07-26 21:22:28,897 - kedro.io.data_catalog - INFO - Loading data from `house_price_training` (CSVDataSet)...
2020-07-26 21:22:28,916 - kedro.io.data_catalog - INFO - Loading data from `house_price_test` (CSVDataSet)...
2020-07-26 21:22:28,932 - kedro.pipeline.node - INFO - Running node: load_Data: load_data([house_price_test,house_price_training]) -> [house_price_test_x,house_price_train_x,house_price_train_y]
2020-07-26 21:22:28,938 - kedro.io.data_catalog - INFO - Saving data to `house_price_train_x` (MemoryDataSet)...
2020-07-26 21:22:28,939 - kedro.io.data_catalog - INFO - Saving data to `house_price_train_y` (MemoryDataSet)...
2020-07-26 21:22:28,939 - kedro.io.data_catalog - INFO - Saving data to `house_price_test_x` (MemoryDataSet)...
2020-07-26 21:22:28,941 - kedro.runner.sequential_runner - INFO - Completed 1 out of 3 tasks
2020-07-26 21:22:28,941 - kedro.io.data_catalog - INFO - Loading data from `house_price_train_x` (MemoryDataSet)...
2020-07-26 21:22:28,942 - kedro.io.data_catalog - INFO - Loading data from `house_price_train_y` (MemoryDataSet)...
2020-07-26 21:22:28,943 - kedro.io.data_catalog - INFO - Loading data from `parameters` (MemoryDataSet)...
2020-07-26 21:22:28,943 - kedro.pipeline.node - INFO - Running node: training([house_price_train_x,house_price_train_y,parameters]) -> [best_model]
2020-07-26 21:22:29,063 - kedro.pipeline.node - ERROR - Node `training([house_price_train_x,house_price_train_y,parameters]) -> [best_model]` failed with error: 
set_params() argument after ** must be a mapping, not Trial
2020-07-26 21:22:29,066 - kedro.runner.sequential_runner - WARNING - There are 2 nodes that have not run.
You can resume the pipeline run by adding the following argument to your previous command:
  --from-nodes "training([house_price_train_x,house_price_train_y,parameters]) -> [best_model],predict_lightgbm_model([best_model,house_price_test_x]) -> [lightgbm_predictions]"
2020-07-26 21:22:46,609 - root - INFO - ** Kedro project houseprice
2020-07-26 21:22:46,638 - kedro.versioning.journal - WARNING - Unable to git describe C:\Users\toroi\Documents\program\MyMLOps\houseprice
2020-07-26 21:22:46,662 - kedro.io.data_catalog - INFO - Loading data from `house_price_training` (CSVDataSet)...
2020-07-26 21:22:46,679 - kedro.io.data_catalog - INFO - Loading data from `house_price_test` (CSVDataSet)...
2020-07-26 21:22:46,695 - kedro.pipeline.node - INFO - Running node: load_Data: load_data([house_price_test,house_price_training]) -> [house_price_test_x,house_price_train_x,house_price_train_y]
2020-07-26 21:22:46,699 - kedro.io.data_catalog - INFO - Saving data to `house_price_train_x` (MemoryDataSet)...
2020-07-26 21:22:46,703 - kedro.io.data_catalog - INFO - Saving data to `house_price_train_y` (MemoryDataSet)...
2020-07-26 21:22:46,704 - kedro.io.data_catalog - INFO - Saving data to `house_price_test_x` (MemoryDataSet)...
2020-07-26 21:22:46,705 - kedro.runner.sequential_runner - INFO - Completed 1 out of 3 tasks
2020-07-26 21:22:46,706 - kedro.io.data_catalog - INFO - Loading data from `house_price_train_x` (MemoryDataSet)...
2020-07-26 21:22:46,707 - kedro.io.data_catalog - INFO - Loading data from `house_price_train_y` (MemoryDataSet)...
2020-07-26 21:22:46,707 - kedro.io.data_catalog - INFO - Loading data from `parameters` (MemoryDataSet)...
2020-07-26 21:22:46,708 - kedro.pipeline.node - INFO - Running node: training([house_price_train_x,house_price_train_y,parameters]) -> [best_model]
2020-07-26 21:22:46,819 - kedro.pipeline.node - ERROR - Node `training([house_price_train_x,house_price_train_y,parameters]) -> [best_model]` failed with error: 
set_params() argument after ** must be a mapping, not Trial
2020-07-26 21:22:46,823 - kedro.runner.sequential_runner - WARNING - There are 2 nodes that have not run.
You can resume the pipeline run by adding the following argument to your previous command:
  --from-nodes "training([house_price_train_x,house_price_train_y,parameters]) -> [best_model],predict_lightgbm_model([best_model,house_price_test_x]) -> [lightgbm_predictions]"
2020-07-26 21:27:55,104 - root - INFO - ** Kedro project houseprice
2020-07-26 21:27:55,128 - kedro.versioning.journal - WARNING - Unable to git describe C:\Users\toroi\Documents\program\MyMLOps\houseprice
2020-07-26 21:27:55,157 - kedro.io.data_catalog - INFO - Loading data from `house_price_training` (CSVDataSet)...
2020-07-26 21:27:55,175 - kedro.io.data_catalog - INFO - Loading data from `house_price_test` (CSVDataSet)...
2020-07-26 21:27:55,191 - kedro.pipeline.node - INFO - Running node: load_Data: load_data([house_price_test,house_price_training]) -> [house_price_test_x,house_price_train_x,house_price_train_y]
2020-07-26 21:27:55,194 - kedro.io.data_catalog - INFO - Saving data to `house_price_train_x` (MemoryDataSet)...
2020-07-26 21:27:55,195 - kedro.io.data_catalog - INFO - Saving data to `house_price_train_y` (MemoryDataSet)...
2020-07-26 21:27:55,195 - kedro.io.data_catalog - INFO - Saving data to `house_price_test_x` (MemoryDataSet)...
2020-07-26 21:27:55,197 - kedro.runner.sequential_runner - INFO - Completed 1 out of 3 tasks
2020-07-26 21:27:55,197 - kedro.io.data_catalog - INFO - Loading data from `house_price_train_x` (MemoryDataSet)...
2020-07-26 21:27:55,198 - kedro.io.data_catalog - INFO - Loading data from `house_price_train_y` (MemoryDataSet)...
2020-07-26 21:27:55,199 - kedro.io.data_catalog - INFO - Loading data from `parameters` (MemoryDataSet)...
2020-07-26 21:27:55,199 - kedro.pipeline.node - INFO - Running node: training([house_price_train_x,house_price_train_y,parameters]) -> [best_model]
2020-07-26 21:27:55,324 - kedro.pipeline.node - ERROR - Node `training([house_price_train_x,house_price_train_y,parameters]) -> [best_model]` failed with error: 
set_params() argument after ** must be a mapping, not Trial
2020-07-26 21:27:55,327 - kedro.runner.sequential_runner - WARNING - There are 2 nodes that have not run.
You can resume the pipeline run by adding the following argument to your previous command:
  --from-nodes "training([house_price_train_x,house_price_train_y,parameters]) -> [best_model],predict_lightgbm_model([best_model,house_price_test_x]) -> [lightgbm_predictions]"
2020-07-26 21:29:29,470 - root - INFO - ** Kedro project houseprice
2020-07-26 21:29:29,497 - kedro.versioning.journal - WARNING - Unable to git describe C:\Users\toroi\Documents\program\MyMLOps\houseprice
2020-07-26 21:29:29,521 - kedro.io.data_catalog - INFO - Loading data from `house_price_training` (CSVDataSet)...
2020-07-26 21:29:29,538 - kedro.io.data_catalog - INFO - Loading data from `house_price_test` (CSVDataSet)...
2020-07-26 21:29:29,559 - kedro.pipeline.node - INFO - Running node: load_Data: load_data([house_price_test,house_price_training]) -> [house_price_test_x,house_price_train_x,house_price_train_y]
2020-07-26 21:29:29,564 - kedro.io.data_catalog - INFO - Saving data to `house_price_train_x` (MemoryDataSet)...
2020-07-26 21:29:29,565 - kedro.io.data_catalog - INFO - Saving data to `house_price_train_y` (MemoryDataSet)...
2020-07-26 21:29:29,565 - kedro.io.data_catalog - INFO - Saving data to `house_price_test_x` (MemoryDataSet)...
2020-07-26 21:29:29,567 - kedro.runner.sequential_runner - INFO - Completed 1 out of 3 tasks
2020-07-26 21:29:29,567 - kedro.io.data_catalog - INFO - Loading data from `house_price_train_x` (MemoryDataSet)...
2020-07-26 21:29:29,568 - kedro.io.data_catalog - INFO - Loading data from `house_price_train_y` (MemoryDataSet)...
2020-07-26 21:29:29,568 - kedro.io.data_catalog - INFO - Loading data from `parameters` (MemoryDataSet)...
2020-07-26 21:29:29,569 - kedro.pipeline.node - INFO - Running node: training([house_price_train_x,house_price_train_y,parameters]) -> [best_model]
2020-07-26 21:29:29,694 - kedro.pipeline.node - ERROR - Node `training([house_price_train_x,house_price_train_y,parameters]) -> [best_model]` failed with error: 
name 'create_lightgbm_model' is not defined
2020-07-26 21:29:29,697 - kedro.runner.sequential_runner - WARNING - There are 2 nodes that have not run.
You can resume the pipeline run by adding the following argument to your previous command:
  --from-nodes "training([house_price_train_x,house_price_train_y,parameters]) -> [best_model],predict_lightgbm_model([best_model,house_price_test_x]) -> [lightgbm_predictions]"
2020-07-26 21:30:12,946 - root - INFO - ** Kedro project houseprice
2020-07-26 21:30:12,973 - kedro.versioning.journal - WARNING - Unable to git describe C:\Users\toroi\Documents\program\MyMLOps\houseprice
2020-07-26 21:30:13,002 - kedro.io.data_catalog - INFO - Loading data from `house_price_training` (CSVDataSet)...
2020-07-26 21:30:13,019 - kedro.io.data_catalog - INFO - Loading data from `house_price_test` (CSVDataSet)...
2020-07-26 21:30:13,035 - kedro.pipeline.node - INFO - Running node: load_Data: load_data([house_price_test,house_price_training]) -> [house_price_test_x,house_price_train_x,house_price_train_y]
2020-07-26 21:30:13,038 - kedro.io.data_catalog - INFO - Saving data to `house_price_train_x` (MemoryDataSet)...
2020-07-26 21:30:13,039 - kedro.io.data_catalog - INFO - Saving data to `house_price_train_y` (MemoryDataSet)...
2020-07-26 21:30:13,040 - kedro.io.data_catalog - INFO - Saving data to `house_price_test_x` (MemoryDataSet)...
2020-07-26 21:30:13,041 - kedro.runner.sequential_runner - INFO - Completed 1 out of 3 tasks
2020-07-26 21:30:13,049 - kedro.io.data_catalog - INFO - Loading data from `house_price_train_x` (MemoryDataSet)...
2020-07-26 21:30:13,050 - kedro.io.data_catalog - INFO - Loading data from `house_price_train_y` (MemoryDataSet)...
2020-07-26 21:30:13,050 - kedro.io.data_catalog - INFO - Loading data from `parameters` (MemoryDataSet)...
2020-07-26 21:30:13,051 - kedro.pipeline.node - INFO - Running node: training([house_price_train_x,house_price_train_y,parameters]) -> [best_model]
2020-07-26 21:30:13,171 - kedro.pipeline.node - ERROR - Node `training([house_price_train_x,house_price_train_y,parameters]) -> [best_model]` failed with error: 
name 'create_lightgbm_model' is not defined
2020-07-26 21:30:13,174 - kedro.runner.sequential_runner - WARNING - There are 2 nodes that have not run.
You can resume the pipeline run by adding the following argument to your previous command:
  --from-nodes "training([house_price_train_x,house_price_train_y,parameters]) -> [best_model],predict_lightgbm_model([best_model,house_price_test_x]) -> [lightgbm_predictions]"
2020-07-26 21:31:03,326 - root - INFO - ** Kedro project houseprice
2020-07-26 21:31:03,353 - kedro.versioning.journal - WARNING - Unable to git describe C:\Users\toroi\Documents\program\MyMLOps\houseprice
2020-07-26 21:31:03,380 - kedro.io.data_catalog - INFO - Loading data from `house_price_training` (CSVDataSet)...
2020-07-26 21:31:03,400 - kedro.io.data_catalog - INFO - Loading data from `house_price_test` (CSVDataSet)...
2020-07-26 21:31:03,417 - kedro.pipeline.node - INFO - Running node: load_Data: load_data([house_price_test,house_price_training]) -> [house_price_test_x,house_price_train_x,house_price_train_y]
2020-07-26 21:31:03,420 - kedro.io.data_catalog - INFO - Saving data to `house_price_train_x` (MemoryDataSet)...
2020-07-26 21:31:03,421 - kedro.io.data_catalog - INFO - Saving data to `house_price_train_y` (MemoryDataSet)...
2020-07-26 21:31:03,422 - kedro.io.data_catalog - INFO - Saving data to `house_price_test_x` (MemoryDataSet)...
2020-07-26 21:31:03,423 - kedro.runner.sequential_runner - INFO - Completed 1 out of 3 tasks
2020-07-26 21:31:03,424 - kedro.io.data_catalog - INFO - Loading data from `house_price_train_x` (MemoryDataSet)...
2020-07-26 21:31:03,425 - kedro.io.data_catalog - INFO - Loading data from `house_price_train_y` (MemoryDataSet)...
2020-07-26 21:31:03,426 - kedro.io.data_catalog - INFO - Loading data from `parameters` (MemoryDataSet)...
2020-07-26 21:31:03,426 - kedro.pipeline.node - INFO - Running node: training([house_price_train_x,house_price_train_y,parameters]) -> [best_model]
2020-07-26 21:31:03,611 - kedro.pipeline.node - ERROR - Node `training([house_price_train_x,house_price_train_y,parameters]) -> [best_model]` failed with error: 
name 'KFold' is not defined
2020-07-26 21:31:03,615 - kedro.runner.sequential_runner - WARNING - There are 2 nodes that have not run.
You can resume the pipeline run by adding the following argument to your previous command:
  --from-nodes "training([house_price_train_x,house_price_train_y,parameters]) -> [best_model],predict_lightgbm_model([best_model,house_price_test_x]) -> [lightgbm_predictions]"
2020-07-26 21:31:31,073 - root - INFO - ** Kedro project houseprice
2020-07-26 21:31:31,098 - kedro.versioning.journal - WARNING - Unable to git describe C:\Users\toroi\Documents\program\MyMLOps\houseprice
2020-07-26 21:31:31,127 - kedro.io.data_catalog - INFO - Loading data from `house_price_training` (CSVDataSet)...
2020-07-26 21:31:31,144 - kedro.io.data_catalog - INFO - Loading data from `house_price_test` (CSVDataSet)...
2020-07-26 21:31:31,160 - kedro.pipeline.node - INFO - Running node: load_Data: load_data([house_price_test,house_price_training]) -> [house_price_test_x,house_price_train_x,house_price_train_y]
2020-07-26 21:31:31,164 - kedro.io.data_catalog - INFO - Saving data to `house_price_train_x` (MemoryDataSet)...
2020-07-26 21:31:31,168 - kedro.io.data_catalog - INFO - Saving data to `house_price_train_y` (MemoryDataSet)...
2020-07-26 21:31:31,169 - kedro.io.data_catalog - INFO - Saving data to `house_price_test_x` (MemoryDataSet)...
2020-07-26 21:31:31,171 - kedro.runner.sequential_runner - INFO - Completed 1 out of 3 tasks
2020-07-26 21:31:31,171 - kedro.io.data_catalog - INFO - Loading data from `house_price_train_x` (MemoryDataSet)...
2020-07-26 21:31:31,172 - kedro.io.data_catalog - INFO - Loading data from `house_price_train_y` (MemoryDataSet)...
2020-07-26 21:31:31,172 - kedro.io.data_catalog - INFO - Loading data from `parameters` (MemoryDataSet)...
2020-07-26 21:31:31,172 - kedro.pipeline.node - INFO - Running node: training([house_price_train_x,house_price_train_y,parameters]) -> [best_model]
2020-07-26 21:31:31,351 - kedro.pipeline.node - ERROR - Node `training([house_price_train_x,house_price_train_y,parameters]) -> [best_model]` failed with error: 
DataFrame.dtypes for data must be int, float or bool.
Did not expect the data types in the following fields: MSZoning, Street, Alley, LotShape, LandContour, Utilities, LotConfig, LandSlope, Neighborhood, Condition1, Condition2, BldgType, HouseStyle, RoofStyle, RoofMatl, Exterior1st, Exterior2nd, MasVnrType, ExterQual, ExterCond, Foundation, BsmtQual, BsmtCond, BsmtExposure, BsmtFinType1, BsmtFinType2, Heating, HeatingQC, CentralAir, Electrical, KitchenQual, Functional, FireplaceQu, GarageType, GarageFinish, GarageQual, GarageCond, PavedDrive, PoolQC, Fence, MiscFeature, SaleType, SaleCondition
2020-07-26 21:31:31,355 - kedro.runner.sequential_runner - WARNING - There are 2 nodes that have not run.
You can resume the pipeline run by adding the following argument to your previous command:
  --from-nodes "training([house_price_train_x,house_price_train_y,parameters]) -> [best_model],predict_lightgbm_model([best_model,house_price_test_x]) -> [lightgbm_predictions]"
2020-07-26 22:32:41,854 - root - INFO - ** Kedro project houseprice
2020-07-26 22:33:26,887 - root - INFO - ** Kedro project houseprice
2020-07-26 22:33:26,916 - kedro.versioning.journal - WARNING - Unable to git describe C:\Users\toroi\Documents\program\MyMLOps\houseprice
2020-07-26 22:33:26,950 - kedro.io.data_catalog - INFO - Loading data from `house_price_training` (CSVDataSet)...
2020-07-26 22:33:26,968 - kedro.io.data_catalog - INFO - Loading data from `house_price_test` (CSVDataSet)...
2020-07-26 22:33:26,983 - kedro.pipeline.node - INFO - Running node: load_Data: load_data([house_price_test,house_price_training]) -> [house_price_test_x,house_price_train_x,house_price_train_y]
2020-07-26 22:33:26,987 - kedro.io.data_catalog - INFO - Saving data to `house_price_train_x` (MemoryDataSet)...
2020-07-26 22:33:26,988 - kedro.io.data_catalog - INFO - Saving data to `house_price_train_y` (MemoryDataSet)...
2020-07-26 22:33:26,989 - kedro.io.data_catalog - INFO - Saving data to `house_price_test_x` (MemoryDataSet)...
2020-07-26 22:33:26,990 - kedro.runner.sequential_runner - INFO - Completed 1 out of 4 tasks
2020-07-26 22:33:26,991 - kedro.io.data_catalog - INFO - Loading data from `house_price_train_x` (MemoryDataSet)...
2020-07-26 22:33:26,992 - kedro.io.data_catalog - INFO - Loading data from `house_price_test_x` (MemoryDataSet)...
2020-07-26 22:33:26,998 - kedro.pipeline.node - INFO - Running node: preprocessing: to_categorical([house_price_test_x,house_price_train_x]) -> [categorical_house_price_test_x,categorical_house_price_train_x]
2020-07-26 22:33:27,862 - kedro.io.data_catalog - INFO - Saving data to `categorical_house_price_train_x` (MemoryDataSet)...
2020-07-26 22:33:27,864 - kedro.io.data_catalog - INFO - Saving data to `categorical_house_price_test_x` (MemoryDataSet)...
2020-07-26 22:33:27,867 - kedro.runner.sequential_runner - INFO - Completed 2 out of 4 tasks
2020-07-26 22:33:27,871 - kedro.io.data_catalog - INFO - Loading data from `categorical_house_price_train_x` (MemoryDataSet)...
2020-07-26 22:33:27,873 - kedro.io.data_catalog - INFO - Loading data from `house_price_train_y` (MemoryDataSet)...
2020-07-26 22:33:27,874 - kedro.io.data_catalog - INFO - Loading data from `parameters` (MemoryDataSet)...
2020-07-26 22:33:27,874 - kedro.pipeline.node - INFO - Running node: training([categorical_house_price_train_x,house_price_train_y,parameters]) -> [best_model]
2020-07-26 22:33:28,278 - kedro.pipeline.node - ERROR - Node `training([categorical_house_price_train_x,house_price_train_y,parameters]) -> [best_model]` failed with error: 
'LGBMRegressor' object has no attribute 'best_iteration'
2020-07-26 22:33:28,281 - kedro.runner.sequential_runner - WARNING - There are 2 nodes that have not run.
You can resume the pipeline run by adding the following argument to your previous command:
  --from-nodes "training([categorical_house_price_train_x,house_price_train_y,parameters]) -> [best_model],predict_lightgbm_model([best_model,categorical_house_price_test_x]) -> [lightgbm_predictions]"
2020-07-26 22:35:03,290 - root - INFO - ** Kedro project houseprice
2020-07-26 22:35:03,316 - kedro.versioning.journal - WARNING - Unable to git describe C:\Users\toroi\Documents\program\MyMLOps\houseprice
2020-07-26 22:35:03,343 - kedro.io.data_catalog - INFO - Loading data from `house_price_training` (CSVDataSet)...
2020-07-26 22:35:03,360 - kedro.io.data_catalog - INFO - Loading data from `house_price_test` (CSVDataSet)...
2020-07-26 22:35:03,377 - kedro.pipeline.node - INFO - Running node: load_Data: load_data([house_price_test,house_price_training]) -> [house_price_test_x,house_price_train_x,house_price_train_y]
2020-07-26 22:35:03,380 - kedro.io.data_catalog - INFO - Saving data to `house_price_train_x` (MemoryDataSet)...
2020-07-26 22:35:03,381 - kedro.io.data_catalog - INFO - Saving data to `house_price_train_y` (MemoryDataSet)...
2020-07-26 22:35:03,382 - kedro.io.data_catalog - INFO - Saving data to `house_price_test_x` (MemoryDataSet)...
2020-07-26 22:35:03,389 - kedro.runner.sequential_runner - INFO - Completed 1 out of 4 tasks
2020-07-26 22:35:03,390 - kedro.io.data_catalog - INFO - Loading data from `house_price_train_x` (MemoryDataSet)...
2020-07-26 22:35:03,391 - kedro.io.data_catalog - INFO - Loading data from `house_price_test_x` (MemoryDataSet)...
2020-07-26 22:35:03,392 - kedro.pipeline.node - INFO - Running node: preprocessing: to_categorical([house_price_test_x,house_price_train_x]) -> [categorical_house_price_test_x,categorical_house_price_train_x]
2020-07-26 22:35:04,238 - kedro.io.data_catalog - INFO - Saving data to `categorical_house_price_train_x` (MemoryDataSet)...
2020-07-26 22:35:04,240 - kedro.io.data_catalog - INFO - Saving data to `categorical_house_price_test_x` (MemoryDataSet)...
2020-07-26 22:35:04,242 - kedro.runner.sequential_runner - INFO - Completed 2 out of 4 tasks
2020-07-26 22:35:04,246 - kedro.io.data_catalog - INFO - Loading data from `categorical_house_price_train_x` (MemoryDataSet)...
2020-07-26 22:35:04,247 - kedro.io.data_catalog - INFO - Loading data from `house_price_train_y` (MemoryDataSet)...
2020-07-26 22:35:04,253 - kedro.io.data_catalog - INFO - Loading data from `parameters` (MemoryDataSet)...
2020-07-26 22:35:04,253 - kedro.pipeline.node - INFO - Running node: training([categorical_house_price_train_x,house_price_train_y,parameters]) -> [best_model]
2020-07-26 22:35:04,775 - kedro.pipeline.node - ERROR - Node `training([categorical_house_price_train_x,house_price_train_y,parameters]) -> [best_model]` failed with error: 
'LGBMRegressor' object has no attribute 'current_iteration'
2020-07-26 22:35:04,777 - kedro.runner.sequential_runner - WARNING - There are 2 nodes that have not run.
You can resume the pipeline run by adding the following argument to your previous command:
  --from-nodes "training([categorical_house_price_train_x,house_price_train_y,parameters]) -> [best_model],predict_lightgbm_model([best_model,categorical_house_price_test_x]) -> [lightgbm_predictions]"
2020-07-26 22:35:22,905 - root - INFO - ** Kedro project houseprice
2020-07-26 22:35:22,932 - kedro.versioning.journal - WARNING - Unable to git describe C:\Users\toroi\Documents\program\MyMLOps\houseprice
2020-07-26 22:35:22,957 - kedro.io.data_catalog - INFO - Loading data from `house_price_training` (CSVDataSet)...
2020-07-26 22:35:22,975 - kedro.io.data_catalog - INFO - Loading data from `house_price_test` (CSVDataSet)...
2020-07-26 22:35:22,992 - kedro.pipeline.node - INFO - Running node: load_Data: load_data([house_price_test,house_price_training]) -> [house_price_test_x,house_price_train_x,house_price_train_y]
2020-07-26 22:35:22,995 - kedro.io.data_catalog - INFO - Saving data to `house_price_train_x` (MemoryDataSet)...
2020-07-26 22:35:22,996 - kedro.io.data_catalog - INFO - Saving data to `house_price_train_y` (MemoryDataSet)...
2020-07-26 22:35:22,996 - kedro.io.data_catalog - INFO - Saving data to `house_price_test_x` (MemoryDataSet)...
2020-07-26 22:35:22,998 - kedro.runner.sequential_runner - INFO - Completed 1 out of 4 tasks
2020-07-26 22:35:22,999 - kedro.io.data_catalog - INFO - Loading data from `house_price_train_x` (MemoryDataSet)...
2020-07-26 22:35:22,999 - kedro.io.data_catalog - INFO - Loading data from `house_price_test_x` (MemoryDataSet)...
2020-07-26 22:35:23,000 - kedro.pipeline.node - INFO - Running node: preprocessing: to_categorical([house_price_test_x,house_price_train_x]) -> [categorical_house_price_test_x,categorical_house_price_train_x]
2020-07-26 22:35:23,820 - kedro.io.data_catalog - INFO - Saving data to `categorical_house_price_train_x` (MemoryDataSet)...
2020-07-26 22:35:23,822 - kedro.io.data_catalog - INFO - Saving data to `categorical_house_price_test_x` (MemoryDataSet)...
2020-07-26 22:35:23,824 - kedro.runner.sequential_runner - INFO - Completed 2 out of 4 tasks
2020-07-26 22:35:23,828 - kedro.io.data_catalog - INFO - Loading data from `categorical_house_price_train_x` (MemoryDataSet)...
2020-07-26 22:35:23,829 - kedro.io.data_catalog - INFO - Loading data from `house_price_train_y` (MemoryDataSet)...
2020-07-26 22:35:23,830 - kedro.io.data_catalog - INFO - Loading data from `parameters` (MemoryDataSet)...
2020-07-26 22:35:23,831 - kedro.pipeline.node - INFO - Running node: training([categorical_house_price_train_x,house_price_train_y,parameters]) -> [best_model]
2020-07-26 22:43:43,337 - root - INFO - ** Kedro project HousePrice
2020-07-26 22:43:43,338 - root - INFO - Defined global variable `context` and `catalog`
2020-07-26 22:43:43,845 - root - INFO - Registered line magic `run_viz`
2020-07-26 22:48:29,982 - root - INFO - ** Kedro project HousePrice
2020-07-26 22:48:29,982 - root - INFO - Defined global variable `context` and `catalog`
2020-07-26 22:48:30,369 - root - INFO - Registered line magic `run_viz`
2020-07-26 22:50:23,190 - root - INFO - ** Kedro project HousePrice
2020-07-26 22:50:23,191 - root - INFO - Defined global variable `context` and `catalog`
2020-07-26 22:50:23,679 - root - INFO - Registered line magic `run_viz`
2020-07-26 22:51:28,823 - kedro.io.data_catalog - INFO - Loading data from `example_iris_data` (CSVDataSet)...
2020-07-26 23:02:45,889 - kedro.io.data_catalog - INFO - Loading data from `house_price_training` (CSVDataSet)...
2020-07-26 23:03:10,255 - kedro.io.data_catalog - INFO - Loading data from `house_price_training` (CSVDataSet)...
2020-07-26 23:03:21,424 - kedro.io.data_catalog - INFO - Loading data from `house_price_test` (CSVDataSet)...
2020-07-26 23:04:49,646 - kedro.io.data_catalog - INFO - Loading data from `house_price_training` (CSVDataSet)...
2020-07-26 23:06:11,567 - kedro.io.data_catalog - INFO - Loading data from `house_price_test` (CSVDataSet)...
2020-07-26 23:15:35,607 - root - INFO - ** Kedro project houseprice
2020-07-26 23:15:35,629 - kedro.versioning.journal - WARNING - Unable to git describe C:\Users\toroi\Documents\program\MyMLOps\houseprice
2020-07-26 23:15:35,674 - kedro.io.data_catalog - INFO - Loading data from `house_price_training` (CSVDataSet)...
2020-07-26 23:15:35,696 - kedro.io.data_catalog - INFO - Loading data from `house_price_test` (CSVDataSet)...
2020-07-26 23:15:35,719 - kedro.pipeline.node - INFO - Running node: load_Data: load_data([house_price_test,house_price_training]) -> [house_price_test_x,house_price_train_x,house_price_train_y]
2020-07-26 23:15:35,722 - kedro.io.data_catalog - INFO - Saving data to `house_price_train_x` (MemoryDataSet)...
2020-07-26 23:15:35,723 - kedro.io.data_catalog - INFO - Saving data to `house_price_train_y` (MemoryDataSet)...
2020-07-26 23:15:35,724 - kedro.io.data_catalog - INFO - Saving data to `house_price_test_x` (MemoryDataSet)...
2020-07-26 23:15:35,725 - kedro.runner.sequential_runner - INFO - Completed 1 out of 4 tasks
2020-07-26 23:15:35,726 - kedro.io.data_catalog - INFO - Loading data from `house_price_train_x` (MemoryDataSet)...
2020-07-26 23:15:35,726 - kedro.io.data_catalog - INFO - Loading data from `house_price_test_x` (MemoryDataSet)...
2020-07-26 23:15:35,727 - kedro.pipeline.node - INFO - Running node: preprocessing: to_categorical([house_price_test_x,house_price_train_x]) -> [categorical_house_price_test_x,categorical_house_price_train_x]
2020-07-26 23:15:36,595 - kedro.io.data_catalog - INFO - Saving data to `categorical_house_price_train_x` (MemoryDataSet)...
2020-07-26 23:15:36,597 - kedro.io.data_catalog - INFO - Saving data to `categorical_house_price_test_x` (MemoryDataSet)...
2020-07-26 23:15:36,600 - kedro.runner.sequential_runner - INFO - Completed 2 out of 4 tasks
2020-07-26 23:15:36,603 - kedro.io.data_catalog - INFO - Loading data from `categorical_house_price_train_x` (MemoryDataSet)...
2020-07-26 23:15:36,605 - kedro.io.data_catalog - INFO - Loading data from `house_price_train_y` (MemoryDataSet)...
2020-07-26 23:15:36,606 - kedro.io.data_catalog - INFO - Loading data from `parameters` (MemoryDataSet)...
2020-07-26 23:15:36,606 - kedro.pipeline.node - INFO - Running node: training([categorical_house_price_train_x,house_price_train_y,parameters]) -> [best_model]
2020-07-26 23:16:34,543 - root - INFO - ** Kedro project houseprice
2020-07-26 23:16:34,568 - kedro.versioning.journal - WARNING - Unable to git describe C:\Users\toroi\Documents\program\MyMLOps\houseprice
2020-07-26 23:16:34,595 - kedro.io.data_catalog - INFO - Loading data from `house_price_training` (CSVDataSet)...
2020-07-26 23:16:34,612 - kedro.io.data_catalog - INFO - Loading data from `house_price_test` (CSVDataSet)...
2020-07-26 23:16:34,628 - kedro.pipeline.node - INFO - Running node: load_Data: load_data([house_price_test,house_price_training]) -> [house_price_test_x,house_price_train_x,house_price_train_y]
2020-07-26 23:16:34,631 - kedro.io.data_catalog - INFO - Saving data to `house_price_train_x` (MemoryDataSet)...
2020-07-26 23:16:34,632 - kedro.io.data_catalog - INFO - Saving data to `house_price_train_y` (MemoryDataSet)...
2020-07-26 23:16:34,632 - kedro.io.data_catalog - INFO - Saving data to `house_price_test_x` (MemoryDataSet)...
2020-07-26 23:16:34,635 - kedro.runner.sequential_runner - INFO - Completed 1 out of 4 tasks
2020-07-26 23:16:34,639 - kedro.io.data_catalog - INFO - Loading data from `house_price_train_x` (MemoryDataSet)...
2020-07-26 23:16:34,640 - kedro.io.data_catalog - INFO - Loading data from `house_price_test_x` (MemoryDataSet)...
2020-07-26 23:16:34,641 - kedro.pipeline.node - INFO - Running node: preprocessing: to_categorical([house_price_test_x,house_price_train_x]) -> [categorical_house_price_test_x,categorical_house_price_train_x]
2020-07-26 23:16:35,482 - kedro.io.data_catalog - INFO - Saving data to `categorical_house_price_train_x` (MemoryDataSet)...
2020-07-26 23:16:35,483 - kedro.io.data_catalog - INFO - Saving data to `categorical_house_price_test_x` (MemoryDataSet)...
2020-07-26 23:16:35,486 - kedro.runner.sequential_runner - INFO - Completed 2 out of 4 tasks
2020-07-26 23:16:35,490 - kedro.io.data_catalog - INFO - Loading data from `categorical_house_price_train_x` (MemoryDataSet)...
2020-07-26 23:16:35,491 - kedro.io.data_catalog - INFO - Loading data from `house_price_train_y` (MemoryDataSet)...
2020-07-26 23:16:35,491 - kedro.io.data_catalog - INFO - Loading data from `parameters` (MemoryDataSet)...
2020-07-26 23:16:35,492 - kedro.pipeline.node - INFO - Running node: training([categorical_house_price_train_x,house_price_train_y,parameters]) -> [best_model]
2020-07-26 23:18:28,832 - werkzeug - INFO -  * Running on http://127.0.0.1:4141/ (Press CTRL+C to quit)
2020-07-26 23:18:28,907 - werkzeug - INFO - 127.0.0.1 - - [26/Jul/2020 23:18:28] "[36mGET / HTTP/1.1[0m" 304 -
2020-07-26 23:18:29,067 - werkzeug - INFO - 127.0.0.1 - - [26/Jul/2020 23:18:29] "[37mGET /api/nodes.json HTTP/1.1[0m" 200 -
2020-07-26 23:18:29,086 - werkzeug - INFO - 127.0.0.1 - - [26/Jul/2020 23:18:29] "[37mGET /static/media/brodyquest.6259cc84.mp3 HTTP/1.1[0m" 206 -
2020-07-26 23:18:29,498 - werkzeug - INFO - 127.0.0.1 - - [26/Jul/2020 23:18:29] "[36mGET /manifest.json HTTP/1.1[0m" 304 -
